[    0.000000] Linux version 4.15.0-123-generic (buildd@lcy01-amd64-017) (gcc version 7.5.0 (Ubuntu 7.5.0-3ubuntu1~18.04)) #126-Ubuntu SMP Wed Oct 21 09:40:11 UTC 2020 (Ubuntu 4.15.0-123.126-generic 4.15.18)
[    0.000000] Command line: BOOT_IMAGE=/boot/vmlinuz-4.15.0-123-generic root=LABEL=cloudimg-rootfs ro console=tty1 console=ttyS0
[    0.000000] KERNEL supported cpus:
[    0.000000]   Intel GenuineIntel
[    0.000000]   AMD AuthenticAMD
[    0.000000]   Centaur CentaurHauls
[    0.000000] x86/fpu: x87 FPU will use FXSAVE
[    0.000000] e820: BIOS-provided physical RAM map:
[    0.000000] BIOS-e820: [mem 0x0000000000000000-0x000000000009fbff] usable
[    0.000000] BIOS-e820: [mem 0x000000000009fc00-0x000000000009ffff] reserved
[    0.000000] BIOS-e820: [mem 0x00000000000f0000-0x00000000000fffff] reserved
[    0.000000] BIOS-e820: [mem 0x0000000000100000-0x000000003ffeffff] usable
[    0.000000] BIOS-e820: [mem 0x000000003fff0000-0x000000003fffffff] ACPI data
[    0.000000] BIOS-e820: [mem 0x00000000fec00000-0x00000000fec00fff] reserved
[    0.000000] BIOS-e820: [mem 0x00000000fee00000-0x00000000fee00fff] reserved
[    0.000000] BIOS-e820: [mem 0x00000000fffc0000-0x00000000ffffffff] reserved
[    0.000000] NX (Execute Disable) protection: active
[    0.000000] SMBIOS 2.5 present.
[    0.000000] DMI: innotek GmbH VirtualBox/VirtualBox, BIOS VirtualBox 12/01/2006
[    0.000000] Hypervisor detected: KVM
[    0.000000] e820: last_pfn = 0x3fff0 max_arch_pfn = 0x400000000
[    0.000000] MTRR: Disabled
[    0.000000] x86/PAT: MTRRs disabled, skipping PAT initialization too.
[    0.000000] CPU MTRRs all blank - virtualized system.
[    0.000000] x86/PAT: Configuration [0-7]: WB  WT  UC- UC  WB  WT  UC- UC  
[    0.000000] found SMP MP-table at [mem 0x0009fff0-0x0009ffff]
[    0.000000] Scanning 1 areas for low memory corruption
[    0.000000] RAMDISK: [mem 0x35a65000-0x36d29fff]
[    0.000000] ACPI: Early table checksum verification disabled
[    0.000000] ACPI: RSDP 0x00000000000E0000 000024 (v02 VBOX  )
[    0.000000] ACPI: XSDT 0x000000003FFF0030 00003C (v01 VBOX   VBOXXSDT 00000001 ASL  00000061)
[    0.000000] ACPI: FACP 0x000000003FFF00F0 0000F4 (v04 VBOX   VBOXFACP 00000001 ASL  00000061)
[    0.000000] ACPI: DSDT 0x000000003FFF0470 002325 (v02 VBOX   VBOXBIOS 00000002 INTL 20100528)
[    0.000000] ACPI: FACS 0x000000003FFF0200 000040
[    0.000000] ACPI: FACS 0x000000003FFF0200 000040
[    0.000000] ACPI: APIC 0x000000003FFF0240 00005C (v02 VBOX   VBOXAPIC 00000001 ASL  00000061)
[    0.000000] ACPI: SSDT 0x000000003FFF02A0 0001CC (v01 VBOX   VBOXCPUT 00000002 INTL 20100528)
[    0.000000] No NUMA configuration found
[    0.000000] Faking a node at [mem 0x0000000000000000-0x000000003ffeffff]
[    0.000000] NODE_DATA(0) allocated [mem 0x3ffc5000-0x3ffeffff]
[    0.000000] kvm-clock: cpu 0, msr 0:3ff44001, primary cpu clock
[    0.000000] kvm-clock: Using msrs 4b564d01 and 4b564d00
[    0.000000] kvm-clock: using sched offset of 5759461307 cycles
[    0.000000] clocksource: kvm-clock: mask: 0xffffffffffffffff max_cycles: 0x1cd42e4dffb, max_idle_ns: 881590591483 ns
[    0.000000] Zone ranges:
[    0.000000]   DMA      [mem 0x0000000000001000-0x0000000000ffffff]
[    0.000000]   DMA32    [mem 0x0000000001000000-0x000000003ffeffff]
[    0.000000]   Normal   empty
[    0.000000]   Device   empty
[    0.000000] Movable zone start for each node
[    0.000000] Early memory node ranges
[    0.000000]   node   0: [mem 0x0000000000001000-0x000000000009efff]
[    0.000000]   node   0: [mem 0x0000000000100000-0x000000003ffeffff]
[    0.000000] Reserved but unavailable: 98 pages
[    0.000000] Initmem setup node 0 [mem 0x0000000000001000-0x000000003ffeffff]
[    0.000000] ACPI: PM-Timer IO Port: 0x4008
[    0.000000] IOAPIC[0]: apic_id 2, version 32, address 0xfec00000, GSI 0-23
[    0.000000] ACPI: INT_SRC_OVR (bus 0 bus_irq 0 global_irq 2 dfl dfl)
[    0.000000] ACPI: INT_SRC_OVR (bus 0 bus_irq 9 global_irq 9 low level)
[    0.000000] Using ACPI (MADT) for SMP configuration information
[    0.000000] smpboot: Allowing 2 CPUs, 0 hotplug CPUs
[    0.000000] PM: Registered nosave memory: [mem 0x00000000-0x00000fff]
[    0.000000] PM: Registered nosave memory: [mem 0x0009f000-0x0009ffff]
[    0.000000] PM: Registered nosave memory: [mem 0x000a0000-0x000effff]
[    0.000000] PM: Registered nosave memory: [mem 0x000f0000-0x000fffff]
[    0.000000] e820: [mem 0x40000000-0xfebfffff] available for PCI devices
[    0.000000] Booting paravirtualized kernel on KVM
[    0.000000] clocksource: refined-jiffies: mask: 0xffffffff max_cycles: 0xffffffff, max_idle_ns: 7645519600211568 ns
[    0.000000] random: get_random_bytes called from start_kernel+0x99/0x500 with crng_init=0
[    0.000000] setup_percpu: NR_CPUS:8192 nr_cpumask_bits:2 nr_cpu_ids:2 nr_node_ids:1
[    0.000000] percpu: Embedded 45 pages/cpu s147456 r8192 d28672 u1048576
[    0.000000] PV qspinlock hash table entries: 256 (order: 0, 4096 bytes)
[    0.000000] Built 1 zonelists, mobility grouping on.  Total pages: 257913
[    0.000000] Policy zone: DMA32
[    0.000000] Kernel command line: BOOT_IMAGE=/boot/vmlinuz-4.15.0-123-generic root=LABEL=cloudimg-rootfs ro console=tty1 console=ttyS0
[    0.000000] Memory: 983028K/1048120K available (12300K kernel code, 2482K rwdata, 4272K rodata, 2436K init, 2724K bss, 65092K reserved, 0K cma-reserved)
[    0.000000] SLUB: HWalign=64, Order=0-3, MinObjects=0, CPUs=2, Nodes=1
[    0.000000] Kernel/User page tables isolation: enabled
[    0.000000] ftrace: allocating 39402 entries in 154 pages
[    0.004000] Hierarchical RCU implementation.
[    0.004000] 	RCU restricting CPUs from NR_CPUS=8192 to nr_cpu_ids=2.
[    0.004000] 	Tasks RCU enabled.
[    0.004000] RCU: Adjusting geometry for rcu_fanout_leaf=16, nr_cpu_ids=2
[    0.004000] NR_IRQS: 524544, nr_irqs: 440, preallocated irqs: 16
[    0.004000] Console: colour VGA+ 80x25
[    0.004000] console [tty1] enabled
[    0.004000] console [ttyS0] enabled
[    0.004000] ACPI: Core revision 20170831
[    0.004000] ACPI: 2 ACPI AML tables successfully acquired and loaded
[    0.004000] APIC: Switch to symmetric I/O mode setup
[    0.008000] ..TIMER: vector=0x30 apic1=0 pin1=2 apic2=-1 pin2=-1
[    0.008012] tsc: Detected 2494.332 MHz processor
[    0.012019] Calibrating delay loop (skipped) preset value.. 4988.66 BogoMIPS (lpj=9977328)
[    0.016012] pid_max: default: 32768 minimum: 301
[    0.020158] Security Framework initialized
[    0.024021] Yama: becoming mindful.
[    0.032017] AppArmor: AppArmor initialized
[    0.051581] Dentry cache hash table entries: 131072 (order: 8, 1048576 bytes)
[    0.060242] Inode-cache hash table entries: 65536 (order: 7, 524288 bytes)
[    0.064200] Mount-cache hash table entries: 2048 (order: 2, 16384 bytes)
[    0.068298] Mountpoint-cache hash table entries: 2048 (order: 2, 16384 bytes)
[    0.074442] Last level iTLB entries: 4KB 512, 2MB 8, 4MB 8
[    0.076012] Last level dTLB entries: 4KB 512, 2MB 32, 4MB 32, 1GB 0
[    0.080015] Spectre V1 : Mitigation: usercopy/swapgs barriers and __user pointer sanitization
[    0.084012] Spectre V2 : Mitigation: Full generic retpoline
[    0.088009] Spectre V2 : Spectre v2 / SpectreRSB mitigation: Filling RSB on context switch
[    0.092010] Speculative Store Bypass: Vulnerable
[    0.096188] MDS: Mitigation: Clear CPU buffers
[    0.100267] Freeing SMP alternatives memory: 36K
[    0.218411] smpboot: CPU0: Intel(R) Core(TM) i5-3210M CPU @ 2.50GHz (family: 0x6, model: 0x3a, stepping: 0x9)
[    0.224342] Performance Events: unsupported p6 CPU model 58 no PMU driver, software events only.
[    0.228311] Hierarchical SRCU implementation.
[    0.236606] NMI watchdog: Perf event create on CPU 0 failed with -2
[    0.240217] NMI watchdog: Perf NMI watchdog permanently disabled
[    0.245010] smp: Bringing up secondary CPUs ...
[    0.252017] x86: Booting SMP configuration:
[    0.256013] .... node  #0, CPUs:      #1
[    0.004000] kvm-clock: cpu 1, msr 0:3ff44041, secondary cpu clock
[    0.275214] TSC synchronization [CPU#0 -> CPU#1]:
[    0.276000] Measured 94027 cycles TSC warp between CPUs, turning off TSC clock.
[    0.276000] tsc: Marking TSC unstable due to check_tsc_sync_source failed
[    0.280588] smp: Brought up 1 node, 2 CPUs
[    0.284020] smpboot: Max logical packages: 1
[    0.288016] smpboot: Total of 2 processors activated (9977.32 BogoMIPS)
[    0.297086] devtmpfs: initialized
[    0.300312] x86/mm: Memory block size: 128MB
[    0.305239] evm: security.selinux
[    0.308012] evm: security.SMACK64
[    0.312011] evm: security.SMACK64EXEC
[    0.316012] evm: security.SMACK64TRANSMUTE
[    0.320009] evm: security.SMACK64MMAP
[    0.324010] evm: security.apparmor
[    0.328011] evm: security.ima
[    0.332012] evm: security.capability
[    0.341252] clocksource: jiffies: mask: 0xffffffff max_cycles: 0xffffffff, max_idle_ns: 7645041785100000 ns
[    0.344033] futex hash table entries: 512 (order: 3, 32768 bytes)
[    0.352643] pinctrl core: initialized pinctrl subsystem
[    0.356689] RTC time:  9:19:55, date: 11/15/20
[    0.363052] NET: Registered protocol family 16
[    0.364472] audit: initializing netlink subsys (disabled)
[    0.372531] audit: type=2000 audit(1605432001.215:1): state=initialized audit_enabled=0 res=1
[    0.400054] cpuidle: using governor ladder
[    0.404036] cpuidle: using governor menu
[    0.408183] ACPI: bus type PCI registered
[    0.412013] acpiphp: ACPI Hot Plug PCI Controller Driver version: 0.5
[    0.417061] PCI: Using configuration type 1 for base access
[    0.428866] HugeTLB registered 2.00 MiB page size, pre-allocated 0 pages
[    0.441152] ACPI: Added _OSI(Module Device)
[    0.444014] ACPI: Added _OSI(Processor Device)
[    0.448011] ACPI: Added _OSI(3.0 _SCP Extensions)
[    0.452015] ACPI: Added _OSI(Processor Aggregator Device)
[    0.456014] ACPI: Added _OSI(Linux-Dell-Video)
[    0.460013] ACPI: Added _OSI(Linux-Lenovo-NV-HDMI-Audio)
[    0.464019] ACPI: Added _OSI(Linux-HPI-Hybrid-Graphics)
[    0.472987] ACPI: Executed 1 blocks of module-level executable AML code
[    0.484989] ACPI: Interpreter enabled
[    0.488036] ACPI: (supports S0 S5)
[    0.492008] ACPI: Using IOAPIC for interrupt routing
[    0.500288] PCI: Using host bridge windows from ACPI; if necessary, use "pci=nocrs" and report a bug
[    0.504289] ACPI: Enabled 2 GPEs in block 00 to 07
[    0.524942] ACPI: PCI Root Bridge [PCI0] (domain 0000 [bus 00-ff])
[    0.528026] acpi PNP0A03:00: _OSC: OS supports [ASPM ClockPM Segments MSI]
[    0.536962] acpi PNP0A03:00: _OSC: not requesting OS control; OS requires [ExtendedConfig ASPM ClockPM MSI]
[    0.540018] acpi PNP0A03:00: fail to add MMCONFIG information, can't access extended PCI configuration space under this bridge.
[    0.544828] PCI host bridge to bus 0000:00
[    0.548007] pci_bus 0000:00: root bus resource [io  0x0000-0x0cf7 window]
[    0.552006] pci_bus 0000:00: root bus resource [io  0x0d00-0xffff window]
[    0.556005] pci_bus 0000:00: root bus resource [mem 0x000a0000-0x000bffff window]
[    0.560006] pci_bus 0000:00: root bus resource [mem 0x40000000-0xfdffffff window]
[    0.564006] pci_bus 0000:00: root bus resource [bus 00-ff]
[    0.577316] pci 0000:00:01.1: legacy IDE quirk: reg 0x10: [io  0x01f0-0x01f7]
[    0.580006] pci 0000:00:01.1: legacy IDE quirk: reg 0x14: [io  0x03f6]
[    0.584010] pci 0000:00:01.1: legacy IDE quirk: reg 0x18: [io  0x0170-0x0177]
[    0.588005] pci 0000:00:01.1: legacy IDE quirk: reg 0x1c: [io  0x0376]
[    0.664889] pci 0000:00:07.0: quirk: [io  0x4000-0x403f] claimed by PIIX4 ACPI
[    0.680037] pci 0000:00:07.0: quirk: [io  0x4100-0x410f] claimed by PIIX4 SMB
[    0.721659] ACPI: PCI Interrupt Link [LNKA] (IRQs 5 9 10 *11)
[    0.740429] ACPI: PCI Interrupt Link [LNKB] (IRQs 5 9 *10 11)
[    0.752306] ACPI: PCI Interrupt Link [LNKC] (IRQs 5 *9 10 11)
[    0.768222] ACPI: PCI Interrupt Link [LNKD] (IRQs 5 9 10 *11)
[    0.785490] SCSI subsystem initialized
[    0.800358] pci 0000:00:02.0: vgaarb: setting as boot VGA device
[    0.804000] pci 0000:00:02.0: vgaarb: VGA device added: decodes=io+mem,owns=io+mem,locks=none
[    0.836010] pci 0000:00:02.0: vgaarb: bridge control possible
[    0.848004] vgaarb: loaded
[    0.856095] ACPI: bus type USB registered
[    0.868054] usbcore: registered new interface driver usbfs
[    0.880042] usbcore: registered new interface driver hub
[    0.900248] usbcore: registered new device driver usb
[    0.916307] EDAC MC: Ver: 3.0.0
[    0.932504] PCI: Using ACPI for IRQ routing
[    0.944922] NetLabel: Initializing
[    0.960008] NetLabel:  domain hash size = 128
[    0.976016] NetLabel:  protocols = UNLABELED CIPSOv4 CALIPSO
[    1.000371] NetLabel:  unlabeled traffic allowed by default
[    1.020447] clocksource: Switched to clocksource kvm-clock
[    1.127968] VFS: Disk quotas dquot_6.6.0
[    1.133663] VFS: Dquot-cache hash table entries: 512 (order 0, 4096 bytes)
[    1.142006] AppArmor: AppArmor Filesystem Enabled
[    1.147503] pnp: PnP ACPI init
[    1.153923] pnp: PnP ACPI: found 3 devices
[    1.170119] clocksource: acpi_pm: mask: 0xffffff max_cycles: 0xffffff, max_idle_ns: 2085701024 ns
[    1.180395] NET: Registered protocol family 2
[    1.185825] TCP established hash table entries: 8192 (order: 4, 65536 bytes)
[    1.195507] TCP bind hash table entries: 8192 (order: 5, 131072 bytes)
[    1.204560] TCP: Hash tables configured (established 8192 bind 8192)
[    1.212344] UDP hash table entries: 512 (order: 2, 16384 bytes)
[    1.218734] UDP-Lite hash table entries: 512 (order: 2, 16384 bytes)
[    1.227007] NET: Registered protocol family 1
[    1.233762] pci 0000:00:00.0: Limiting direct PCI/PCI transfers
[    1.240929] pci 0000:00:01.0: Activating ISA DMA hang workarounds
[    1.248495] pci 0000:00:02.0: Video device with shadowed ROM at [mem 0x000c0000-0x000dffff]
[    1.257532] Unpacking initramfs...
[    2.044275] Freeing initrd memory: 19220K
[    2.050797] clocksource: tsc: mask: 0xffffffffffffffff max_cycles: 0x23f44f92df3, max_idle_ns: 440795329494 ns
[    2.063342] platform rtc_cmos: registered platform RTC device (no PNP device found)
[    2.073039] Scanning for low memory corruption every 60 seconds
[    2.082217] Initialise system trusted keyrings
[    2.087624] Key type blacklist registered
[    2.094708] workingset: timestamp_bits=36 max_order=18 bucket_order=0
[    2.107869] zbud: loaded
[    2.114439] squashfs: version 4.0 (2009/01/31) Phillip Lougher
[    2.123913] fuse init (API version 7.26)
[    2.168634] Key type asymmetric registered
[    2.175906] Asymmetric key parser 'x509' registered
[    2.183920] Block layer SCSI generic (bsg) driver version 0.4 loaded (major 246)
[    2.195724] io scheduler noop registered
[    2.202065] io scheduler deadline registered
[    2.210108] io scheduler cfq registered (default)
[    2.218202] ACPI: AC Adapter [AC] (on-line)
[    2.224170] input: Power Button as /devices/LNXSYSTM:00/LNXPWRBN:00/input/input0
[    2.233797] ACPI: Power Button [PWRF]
[    2.238881] input: Sleep Button as /devices/LNXSYSTM:00/LNXSLPBN:00/input/input1
[    2.249274] ACPI: Sleep Button [SLPF]
[    2.254945] Serial: 8250/16550 driver, 32 ports, IRQ sharing enabled
[    2.257007] ACPI: Battery Slot [BAT0] (battery present)
[    2.300835] 00:02: ttyS0 at I/O 0x3f8 (irq = 4, base_baud = 115200) is a 16550A
[    2.311939] Linux agpgart interface v0.103
[    2.327243] loop: module loaded
[    2.334062] scsi host0: ata_piix
[    2.339501] scsi host1: ata_piix
[    2.343504] ata1: PATA max UDMA/33 cmd 0x1f0 ctl 0x3f6 bmdma 0xd000 irq 14
[    2.347412] ata2: PATA max UDMA/33 cmd 0x170 ctl 0x376 bmdma 0xd008 irq 15
[    2.356932] libphy: Fixed MDIO Bus: probed
[    2.362398] tun: Universal TUN/TAP device driver, 1.6
[    2.368421] PPP generic driver version 2.4.2
[    2.373509] ehci_hcd: USB 2.0 'Enhanced' Host Controller (EHCI) Driver
[    2.380307] ehci-pci: EHCI PCI platform driver
[    2.385234] ehci-platform: EHCI generic platform driver
[    2.390534] ohci_hcd: USB 1.1 'Open' Host Controller (OHCI) Driver
[    2.396661] ohci-pci: OHCI PCI platform driver
[    2.401489] ohci-platform: OHCI generic platform driver
[    2.406821] uhci_hcd: USB Universal Host Controller Interface driver
[    2.412871] i8042: PNP: PS/2 Controller [PNP0303:PS2K,PNP0f03:PS2M] at 0x60,0x64 irq 1,12
[    2.424579] serio: i8042 KBD port at 0x60,0x64 irq 1
[    2.429524] serio: i8042 AUX port at 0x60,0x64 irq 12
[    2.436159] mousedev: PS/2 mouse device common for all mice
[    2.446235] rtc_cmos rtc_cmos: rtc core: registered rtc_cmos as rtc0
[    2.455429] input: AT Translated Set 2 keyboard as /devices/platform/i8042/serio0/input/input2
[    2.460533] rtc_cmos rtc_cmos: alarms up to one day, 114 bytes nvram
[    2.473758] i2c /dev entries driver
[    2.478331] device-mapper: uevent: version 1.0.3
[    2.484052] device-mapper: ioctl: 4.37.0-ioctl (2017-09-20) initialised: dm-devel@redhat.com
[    2.496679] ledtrig-cpu: registered to indicate activity on CPUs
[    2.509253] NET: Registered protocol family 10
[    2.592428] Segment Routing with IPv6
[    2.596034] NET: Registered protocol family 17
[    2.601627] Key type dns_resolver registered
[    2.608629] mce: Using 0 MCE banks
[    2.612004] RAS: Correctable Errors collector initialized.
[    2.618651] sched_clock: Marking stable (2618513025, 0)->(4180757500, -1562244475)
[    2.634366] registered taskstats version 1
[    2.640697] Loading compiled-in X.509 certificates
[    2.652186] Loaded X.509 cert 'Build time autogenerated kernel key: 423d6fc95fe30468112015aeb92af84ef3acf368'
[    2.664623] zswap: loaded using pool lzo/zbud
[    2.681991] Key type big_key registered
[    2.685891] Key type trusted registered
[    2.695025] Key type encrypted registered
[    2.699591] AppArmor: AppArmor sha1 policy hashing enabled
[    2.706308] ima: No TPM chip found, activating TPM-bypass! (rc=-19)
[    2.712779] ima: Allocated hash algorithm: sha1
[    2.717399] evm: HMAC attrs: 0x1
[    2.721513]   Magic number: 12:382:323
[    2.725545] tty tty48: hash matches
[    2.729772] rtc_cmos rtc_cmos: setting system clock to 2020-11-15 09:19:58 UTC (1605431998)
[    2.738791] BIOS EDD facility v0.16 2004-Jun-25, 0 devices found
[    2.744938] EDD information not available.
[    2.753113] Freeing unused kernel image memory: 2436K
[    2.781590] Write protecting the kernel read-only data: 20480k
[    2.789552] Freeing unused kernel image memory: 2008K
[    2.795540] Freeing unused kernel image memory: 1872K
[    2.808539] x86/mm: Checked W+X mappings: passed, no W+X pages found.
[    2.814576] x86/mm: Checking user space page tables
[    2.826191] x86/mm: Checked W+X mappings: passed, no W+X pages found.
Loading, please wait...
starting version 237
[    2.986231] e1000: Intel(R) PRO/1000 Network Driver - version 7.3.21-k8-NAPI
[    2.999398] e1000: Copyright (c) 1999-2006 Intel Corporation.
[    3.019730] Fusion MPT base driver 3.04.20
[    3.026313] Copyright (c) 1999-2008 LSI Corporation
[    3.089033] Fusion MPT SPI Host driver 3.04.20
[    3.267203] input: ImExPS/2 Generic Explorer Mouse as /devices/platform/i8042/serio1/input/input4
[    3.877445] e1000 0000:00:03.0 eth0: (PCI:33MHz:32-bit) 02:ad:b8:da:8b:56
[    3.884747] e1000 0000:00:03.0 eth0: Intel(R) PRO/1000 Network Connection
[    4.674675] e1000 0000:00:08.0 eth1: (PCI:33MHz:32-bit) 08:00:27:37:cf:d3
[    4.682897] e1000 0000:00:08.0 eth1: Intel(R) PRO/1000 Network Connection
[    4.694685] e1000 0000:00:08.0 enp0s8: renamed from eth1
[    4.714839] mptbase: ioc0: Initiating bringup
[    4.737224] e1000 0000:00:03.0 enp0s3: renamed from eth0
[    4.826721] ioc0: LSI53C1030 A0: Capabilities={Initiator}
[    5.118810] scsi host2: ioc0: LSI53C1030 A0, FwRev=00000000h, Ports=1, MaxQ=256, IRQ=20
[    5.298703] scsi 2:0:0:0: Direct-Access     VBOX     HARDDISK         1.0  PQ: 0 ANSI: 5
[    5.344250] scsi target2:0:0: Beginning Domain Validation
[    5.368666] scsi target2:0:0: Domain Validation skipping write tests
[    5.378170] scsi target2:0:0: Ending Domain Validation
[    5.389106] scsi target2:0:0: asynchronous
[    5.398035] random: fast init done
[    5.405840] scsi 2:0:1:0: Direct-Access     VBOX     HARDDISK         1.0  PQ: 0 ANSI: 5
[    5.448390] scsi target2:0:1: Beginning Domain Validation
[    5.472392] scsi target2:0:1: Domain Validation skipping write tests
[    5.480758] scsi target2:0:1: Ending Domain Validation
[    5.489149] scsi target2:0:1: asynchronous
[    5.524629] random: systemd-udevd: uninitialized urandom read (16 bytes read)
[    5.538601] random: systemd-udevd: uninitialized urandom read (16 bytes read)
[    5.538898] sd 2:0:0:0: Attached scsi generic sg0 type 0
[    5.555379] random: systemd-udevd: uninitialized urandom read (16 bytes read)
[    5.569123] sd 2:0:1:0: Attached scsi generic sg1 type 0
[    5.589064] sd 2:0:1:0: [sdb] 20480 512-byte logical blocks: (10.5 MB/10.0 MiB)
[    5.594011] sd 2:0:0:0: [sda] 20971520 512-byte logical blocks: (10.7 GB/10.0 GiB)
[    5.606439] sd 2:0:1:0: [sdb] Write Protect is off
[    5.631070] sd 2:0:0:0: [sda] Write Protect is off
[    5.631895] sd 2:0:1:0: [sdb] Incomplete mode parameter data
[    5.652655] sd 2:0:1:0: [sdb] Assuming drive cache: write through
[    5.652995] sd 2:0:0:0: [sda] Incomplete mode parameter data
[    5.671746] sd 2:0:0:0: [sda] Assuming drive cache: write through
[    5.699062]  sda: sda1
[    5.703949] sd 2:0:1:0: [sdb] Attached SCSI disk
[    5.723671] sd 2:0:0:0: [sda] Attached SCSI disk
Begin: Loading essential drivers ... [    8.452123] raid6: sse2x1   gen()  7706 MB/s
[    8.504722] raid6: sse2x1   xor()  5888 MB/s
[    8.556572] raid6: sse2x2   gen()  9004 MB/s
[    8.608137] raid6: sse2x2   xor()  6381 MB/s
[    8.660144] raid6: sse2x4   gen() 11333 MB/s
[    8.712774] raid6: sse2x4   xor()  7604 MB/s
[    8.717170] raid6: using algorithm sse2x4 gen() 11333 MB/s
[    8.722551] raid6: .... xor() 7604 MB/s, rmw enabled
[    8.727614] raid6: using ssse3x2 recovery algorithm
[    8.736547] xor: measuring software checksum speed
[   95.385124] INFO: rcu_sched self-detected stall on CPU
[   95.387603] INFO: rcu_sched detected stalls on CPUs/tasks:
[   95.392055] 	1-...!: (1 GPs behind) idle=592/140000000000001/0 softirq=928/931 fqs=0 
[   95.407471] 	 (t=21661 jiffies g=-33 c=-34 q=52)
[   95.407519] 	1-...!: (1 GPs behind) idle=592/140000000000001/0 softirq=928/931 fqs=0 
[   95.413976] rcu_sched kthread starved for 21661 jiffies! g18446744073709551583 c18446744073709551582 f0x0 RCU_GP_WAIT_FQS(3) ->state=0x402 ->cpu=0
[   95.422456] 	(detected by 0, t=21661 jiffies, g=-33, c=-34, q=52)
[   95.437231] rcu_sched       I    0     8      2 0x80000000
[   95.444643] Sending NMI from CPU 0 to CPUs 1:
[   95.451779] Call Trace:
[   95.459222] NMI backtrace for cpu 1
[   95.459224] CPU: 1 PID: 250 Comm: modprobe Not tainted 4.15.0-123-generic #126-Ubuntu
[   95.459225] Hardware name: innotek GmbH VirtualBox/VirtualBox, BIOS VirtualBox 12/01/2006
[   95.459225] RIP: 0010:io_serial_in+0x18/0x20
[   95.459226] RSP: 0018:ffff96967fd03ad0 EFLAGS: 00010002
[   95.459227] RAX: ffffffffae419920 RBX: ffffffffaf90ce40 RCX: 0000000000000000
[   95.459227] RDX: 00000000000003fd RSI: 0000000000000005 RDI: ffffffffaf90ce40
[   95.459228] RBP: ffff96967fd03ad0 R08: 0000000000000000 R09: 0000000000000007
[   95.459228] R10: 0000000000000000 R11: ffffffffaf76080d R12: 0000000000002710
[   95.459229] R13: 0000000000000020 R14: ffffffffaf760803 R15: ffffffffaf90ce40
[   95.459229] FS:  00007f7508dcc540(0000) GS:ffff96967fd00000(0000) knlGS:0000000000000000
[   95.459230] CS:  0010 DS: 0000 ES: 0000 CR0: 0000000080050033
[   95.459230] CR2: 000055bbbb526958 CR3: 0000000039ebe005 CR4: 00000000000206e0
[   95.459231] Call Trace:
[   95.459231]  <IRQ>
[   95.459231]  wait_for_xmitr+0x47/0xb0
[   95.459232]  serial8250_console_putchar+0x1c/0x40
[   95.459232]  ? wait_for_xmitr+0xb0/0xb0
[   95.459233]  uart_console_write+0x4c/0x60
[   95.459233]  serial8250_console_write+0x10a/0x2b0
[   95.459234]  ? msg_print_text+0x80/0x100
[   95.459234]  univ8250_console_write+0x21/0x30
[   95.459234]  console_unlock+0x3cf/0x560
[   95.459235]  vprintk_emit+0x134/0x2c0
[   95.459235]  vprintk_default+0x29/0x50
[   95.459235]  vprintk_func+0x47/0xc0
[   95.459236]  printk+0x52/0x6e
[   95.459236]  show_trace_log_lvl+0x8c/0x3d0
[   95.459237]  ? vprintk_default+0x29/0x50
[   95.459237]  ? vprintk_func+0x47/0xc0
[   95.459237]  show_stack+0x34/0x50
[   95.459238]  sched_show_task+0xfe/0x130
[   95.459238]  rcu_check_gp_kthread_starvation+0xad/0xc0
[   95.459239]  rcu_check_callbacks+0x6c5/0x8e0
[   95.459239]  ? tick_sched_do_timer+0x50/0x50
[   95.459240]  update_process_times+0x2d/0x70
[   95.459240]  tick_sched_handle+0x26/0x70
[   95.459240]  ? tick_sched_do_timer+0x42/0x50
[   95.459241]  tick_sched_timer+0x39/0x80
[   95.459241]  __hrtimer_run_queues+0xdf/0x230
[   95.459242]  hrtimer_interrupt+0xa0/0x1d0
[   95.459242]  smp_apic_timer_interrupt+0x6f/0x140
[   95.459242]  apic_timer_interrupt+0x90/0xa0
[   95.459243]  </IRQ>
[   95.459243] RIP: 0010:do_xor_speed+0x41/0xc9 [xor]
[   95.459244] RSP: 0018:ffffb57300353c18 EFLAGS: 00010246 ORIG_RAX: ffffffffffffff11
[   95.459245] RAX: 0000000000000000 RBX: 0000000000000000 RCX: ffffffffaf263aa8
[   95.459245] RDX: 00000000fffee391 RSI: ffff96967640c000 RDI: ffffffffc0118080
[   95.459246] RBP: ffffb57300353c50 R08: 000000000000019e R09: 0000000000000000
[   95.459246] R10: 0000000000000001 R11: ffffffffae3333f0 R12: ffffffffc0118080
[   95.459247] R13: ffff969676a0e540 R14: 0000000000000005 R15: 00000000fffee391
[   95.459247]  ? vga_set_palette+0x180/0x180
[   95.459247]  calibrate_xor_blocks+0xc3/0xf37 [xor]
[   95.459248]  ? do_xor_speed+0xc9/0xc9 [xor]
[   95.459248]  do_one_initcall+0x52/0x19f
[   95.459249]  ? _cond_resched+0x19/0x40
[   95.459249]  ? kmem_cache_alloc_trace+0x9f/0x1d0
[   95.459249]  ? do_init_module+0x27/0x213
[   95.459250]  do_init_module+0x5f/0x213
[   95.459250]  load_module+0x16bd/0x1f20
[   95.459251]  ? ima_post_read_file+0x96/0xa0
[   95.459251]  SYSC_finit_module+0xfc/0x120
[   95.459251]  ? SYSC_finit_module+0xfc/0x120
[   95.459252]  SyS_finit_module+0xe/0x10
[   95.459252]  do_syscall_64+0x73/0x130
[   95.459253]  entry_SYSCALL_64_after_hwframe+0x41/0xa6
[   95.459253] RIP: 0033:0x7f75088cf639
[   95.459253] RSP: 002b:00007ffcf6d941e8 EFLAGS: 00000246 ORIG_RAX: 0000000000000139
[   95.459255] RAX: ffffffffffffffda RBX: 0000561c8fc38700 RCX: 00007f75088cf639
[   95.459255] RDX: 0000000000000000 RSI: 0000561c8ebb6cee RDI: 0000000000000005
[   95.459256] RBP: 0000561c8ebb6cee R08: 0000000000000000 R09: 0000561c8fc37e00
[   95.459256] R10: 0000000000000005 R11: 0000000000000246 R12: 0000000000000000
[   95.459257] R13: 0000561c8fc3f5a0 R14: 0000000000060000 R15: 0000561c8fc37e00
[   95.459257] Code: 48 89 e5 d3 e6 48 63 f6 48 03 77 10 8b 06 5d c3 0f 1f 00 0f 1f 44 00 00 0f b6 8f a1 00 00 00 8b 57 08 55 48 89 e5 d3 e6 01 f2 ec <0f> b6 c0 5d c3 0f 1f 00 0f 1f 44 00 00 0f b6 8f a1 00 00 00 89 
[   95.459275] rcu_sched kthread starved for 21661 jiffies! g18446744073709551583 c18446744073709551582 f0x0 RCU_GP_WAIT_FQS(3) ->state=0x402 ->cpu=0
[   95.464365]  __schedule+0x24e/0x880
[   95.469146] rcu_sched       I    0     8      2 0x80000000
[   95.482816]  schedule+0x2c/0x80
[   95.492564] Call Trace:
[   95.500162]  schedule_timeout+0x15d/0x370
[   95.507449]  __schedule+0x24e/0x880
[   95.518790]  ? __next_timer_interrupt+0xe0/0xe0
[   95.527048]  schedule+0x2c/0x80
[   95.537895]  rcu_gp_kthread+0x53a/0x980
[   95.545681]  schedule_timeout+0x15d/0x370
[   95.557115]  kthread+0x121/0x140
[   95.566389]  ? __next_timer_interrupt+0xe0/0xe0
[   95.575281]  ? rcu_note_context_switch+0x150/0x150
[   95.582940]  rcu_gp_kthread+0x53a/0x980
[   95.586731]  ? kthread_create_worker_on_cpu+0x70/0x70
[   95.589229]  kthread+0x121/0x140
[   95.594754]  ret_from_fork+0x35/0x40
[   95.600018]  ? rcu_note_context_switch+0x150/0x150
[   95.605442] NMI backtrace for cpu 1
[   95.610952]  ? kthread_create_worker_on_cpu+0x70/0x70
[   95.617929] CPU: 1 PID: 250 Comm: modprobe Not tainted 4.15.0-123-generic #126-Ubuntu
[   95.623357]  ret_from_fork+0x35/0x40
[   95.629153] Hardware name: innotek GmbH VirtualBox/VirtualBox, BIOS VirtualBox 12/01/2006
[   96.085888] Call Trace:
[   96.089158]  <IRQ>
[   96.091794]  dump_stack+0x6d/0x8e
[   96.095956]  nmi_cpu_backtrace+0x94/0xa0
[   96.100656]  ? lapic_can_unplug_cpu+0xb0/0xb0
[   96.105785]  nmi_trigger_cpumask_backtrace+0xe7/0x130
[   96.111690]  arch_trigger_cpumask_backtrace+0x19/0x20
[   96.117675]  rcu_dump_cpu_stacks+0xa3/0xdb
[   96.122554]  rcu_check_callbacks+0x6cd/0x8e0
[   96.127610]  ? tick_sched_do_timer+0x50/0x50
[   96.132647]  update_process_times+0x2d/0x70
[   96.137597]  tick_sched_handle+0x26/0x70
[   96.142633]  ? tick_sched_do_timer+0x42/0x50
[   96.147664]  tick_sched_timer+0x39/0x80
[   96.152251]  __hrtimer_run_queues+0xdf/0x230
[   96.157353]  hrtimer_interrupt+0xa0/0x1d0
[   96.162233]  smp_apic_timer_interrupt+0x6f/0x140
[   96.167708]  apic_timer_interrupt+0x90/0xa0
[   96.172778]  </IRQ>
[   96.175558] RIP: 0010:do_xor_speed+0x41/0xc9 [xor]
[   96.181233] RSP: 0018:ffffb57300353c18 EFLAGS: 00010246 ORIG_RAX: ffffffffffffff11
[   96.189956] RAX: 0000000000000000 RBX: 0000000000000000 RCX: ffffffffaf263aa8
[   96.198306] RDX: 00000000fffee391 RSI: ffff96967640c000 RDI: ffffffffc0118080
[   96.206731] RBP: ffffb57300353c50 R08: 000000000000019e R09: 0000000000000000
[   96.215089] R10: 0000000000000001 R11: ffffffffae3333f0 R12: ffffffffc0118080
[   96.225781] R13: ffff969676a0e540 R14: 0000000000000005 R15: 00000000fffee391
[   96.235648]  ? vga_set_palette+0x180/0x180
[   96.241458]  calibrate_xor_blocks+0xc3/0xf37 [xor]
[   96.248336]  ? do_xor_speed+0xc9/0xc9 [xor]
[   96.254273]  do_one_initcall+0x52/0x19f
[   96.259772]  ? _cond_resched+0x19/0x40
[   96.265235]  ? kmem_cache_alloc_trace+0x9f/0x1d0
[   96.273737]  ? do_init_module+0x27/0x213
[   96.280052]  do_init_module+0x5f/0x213
[   96.284921]  load_module+0x16bd/0x1f20
[   96.290093]  ? ima_post_read_file+0x96/0xa0
[   96.297588]  SYSC_finit_module+0xfc/0x120
[   96.303534]  ? SYSC_finit_module+0xfc/0x120
[   96.310981]  SyS_finit_module+0xe/0x10
[   96.317159]  do_syscall_64+0x73/0x130
[   96.322041]  entry_SYSCALL_64_after_hwframe+0x41/0xa6
[   96.329542] RIP: 0033:0x7f75088cf639
[   96.334079] RSP: 002b:00007ffcf6d941e8 EFLAGS: 00000246 ORIG_RAX: 0000000000000139
[   96.343371] RAX: ffffffffffffffda RBX: 0000561c8fc38700 RCX: 00007f75088cf639
[   96.353356] RDX: 0000000000000000 RSI: 0000561c8ebb6cee RDI: 0000000000000005
[   96.361922] RBP: 0000561c8ebb6cee R08: 0000000000000000 R09: 0000561c8fc37e00
[   96.372343] R10: 0000000000000005 R11: 0000000000000246 R12: 0000000000000000
[   96.381262] R13: 0000561c8fc3f5a0 R14: 0000000000060000 R15: 0000561c8fc37e00
[   96.481607]    prefetch64-sse: 38471.000 MB/sec
[   96.589044]    generic_sse: 35703.000 MB/sec
[   96.595086] xor: using function: prefetch64-sse (38471.000 MB/sec)
[   96.605171] async_tx: api initialized (async)
done.
Begin: Running /scripts/init-premount ... done.
Begin: Mounting root file system ... Begin: Running /scripts/local-top ... done.
Begin: Running /scripts/local-premount ... [   96.687568] Btrfs loaded, crc32c=crc32c-intel
Scanning for Btrfs filesystems
done.
Warning: fsck not present, so skipping root file system
[   96.772981] EXT4-fs (sda1): mounted filesystem with ordered data mode. Opts: (null)
done.
Begin: Running /scripts/local-bottom ... done.
Begin: Running /scripts/init-bottom ... done.
[   97.145393] ip_tables: (C) 2000-2006 Netfilter Core Team
[   97.183485] systemd[1]: systemd 237 running in system mode. (+PAM +AUDIT +SELINUX +IMA +APPARMOR +SMACK +SYSVINIT +UTMP +LIBCRYPTSETUP +GCRYPT +GNUTLS +ACL +XZ +LZ4 +SECCOMP +BLKID +ELFUTILS +KMOD -IDN2 +IDN -PCRE2 default-hierarchy=hybrid)
[   97.210143] systemd[1]: Detected virtualization oracle.
[   97.216054] systemd[1]: Detected architecture x86-64.

Welcome to [1mUbuntu 18.04.5 LTS[0m!

[   97.268599] systemd[1]: Set hostname to <ubuntu>.
[   97.287565] systemd[1]: Initializing machine ID from random generator.
[   97.296095] systemd[1]: Installed transient /etc/machine-id file.
[   97.900951] systemd[1]: Reached target Swap.
[[0;32m  OK  [0m] Reached target Swap.
[   97.907633] systemd[1]: Started Forward Password Requests to Wall Directory Watch.
[[0;32m  OK  [0m] Started Forward Password Requests to Wall Directory Watch.
[   97.921973] systemd[1]: Reached target User and Group Name Lookups.
[[0;32m  OK  [0m] Reached target User and Group Name Lookups.
[   97.949635] systemd[1]: Created slice User and Session Slice.
[[0;32m  OK  [0m] Created slice User and Session Slice.
[[0;32m  OK  [0m] Set up automount Arbitrary Executab…rmats File System Automount Point.
[[0;32m  OK  [0m] Created slice System Slice.
[[0;32m  OK  [0m] Listening on Network Service Netlink Socket.
[[0;32m  OK  [0m] Reached target Slices.
[[0;32m  OK  [0m] Listening on Journal Socket (/dev/log).
[[0;32m  OK  [0m] Listening on udev Kernel Socket.
[[0;32m  OK  [0m] Listening on Device-mapper event daemon FIFOs.
[[0;32m  OK  [0m] Listening on Journal Audit Socket.
[[0;32m  OK  [0m] Listening on Journal Socket.
         Mounting Huge Pages File System...
         Mounting Kernel Debug File System...
         Starting Load Kernel Modules...
         Starting Create list of required st…ce nodes for the current kernel...
[[0;32m  OK  [0m] Listening on Syslog Socket.
         Starting Journal Service...
         Mounting POSIX Message Queue File System...
[   98.067897] Loading iSCSI transport class v2.0-870.
[[0;32m  OK  [0m] Listening on LVM2 poll daemon socket.
[[0;32m  OK  [0m] Listening on /dev/initctl Compatibility Named Pipe.
[[0;32m  OK  [0m] Listening on LVM2 metadata daemon socket.
[   98.114241] iscsi: registered transport (tcp)
         Starting Monitoring of LVM2 mirrors…ng dmeventd or progress polling...
[[0;32m  OK  [0m] Listening on udev Control Socket.
         Starting udev Coldplug all Devices...
         Starting Uncomplicated firewall...
         Starting Remount Root and Kernel File Systems...
[[0;32m  OK  [0m] Reached target System Time Synchronized.
[[0;32m  OK  [0m] Created slice system-serial\x2dgetty.slice.
         Starting Set the console keyboard layout...
[[0;32m  OK  [0m] Mounted Huge Pages File System.
[[0;32m  OK  [0m] Mounted Kernel Debug File System.
[[0;32m  OK  [0m] Started Create list of required sta…vice nodes for the current kernel.
[[0;32m  OK  [0m] Mounted POSIX Message Queue File System.
[[0;32m  OK  [0m] Started LVM2 metadata daemon.
         Starting Create Static Device Nodes in /dev...
[[0;32m  OK  [0m] Started Uncomplicated firewall.
[[0;32m  OK  [0m] Started Journal Service.
[   98.354104] EXT4-fs (sda1): re-mounted. Opts: (null)
[[0;32m  OK  [0m] Started Remount Root and Kernel File Systems.
         Starting Load/Save Random Seed...
         Starting Flush Journal to Persistent Storage...
[[0;32m  OK  [0m] Started Monitoring of LVM2 mirrors,…sing dmeventd or progress polling.
[[0;32m  OK  [0m] Started Create Static Device Nodes in /dev.
[[0;32m  OK  [0m] Started udev Coldplug all Devices.
         Starting udev Kernel Device Manager...
[   98.472901] systemd-journald[381]: Received request to flush runtime journal from PID 1
[[0;32m  OK  [0m] Started Load/Save Random Seed.
[[0;32m  OK  [0m] Started udev Kernel Device Manager.
[   98.649245] iscsi: registered transport (iser)
[[0;32m  OK  [0m] Started Flush Journal to Persistent Storage.
[[0;32m  OK  [0m] Started Load Kernel Modules.
         Mounting FUSE Control File System...
         Starting Apply Kernel Variables...
         Mounting Kernel Configuration File System...
[[0;32m  OK  [0m] Mounted FUSE Control File System.
[[0;32m  OK  [0m] Started Apply Kernel Variables.
[[0;32m  OK  [0m] Mounted Kernel Configuration File System.
[[0;32m  OK  [0m] Started Set the console keyboard layout.
[[0;32m  OK  [0m] Started Dispatch Password Requests to Console Directory Watch.
[[0;32m  OK  [0m] Reached target Local Encrypted Volumes.
[[0;32m  OK  [0m] Reached target Local File Systems (Pre).
[[0;32m  OK  [0m] Reached target Local File Systems.
         Starting ebtables ruleset management...
         Starting AppArmor initialization...
         Starting Commit a transient machine-id on disk...
         Starting Create Volatile Files and Directories...
         Starting Tell Plymouth To Write Out Runtime Data...
         Starting Set console font and keymap...
[[0;32m  OK  [0m] Started Tell Plymouth To Write Out Runtime Data.
[[0;32m  OK  [0m] Started Set console font and keymap.
[[0;32m  OK  [0m] Started Create Volatile Files and Directories.
         Starting Update UTMP about System Boot/Shutdown...
[[0;32m  OK  [0m] Started Update UTMP about System Boot/Shutdown.
[[0;32m  OK  [0m] Started Commit a transient machine-id on disk.
[[0;32m  OK  [0m] Started ebtables ruleset management.
[[0;32m  OK  [0m] Found device /dev/ttyS0.
[[0;32m  OK  [0m] Listening on Load/Save RF Kill Switch Status /dev/rfkill Watch.
[[0;32m  OK  [0m] Started AppArmor initialization.
         Starting Initial cloud-init job (pre-networking)...
         Starting Load AppArmor profiles managed internally by snapd...
[[0;32m  OK  [0m] Started Load AppArmor profiles managed internally by snapd.
[  103.589332] cloud-init[512]: Cloud-init v. 20.3-2-g371b392c-0ubuntu1~18.04.1 running 'init-local' at Sun, 15 Nov 2020 09:21:38 +0000. Up 102.85 seconds.
[[0;32m  OK  [0m] Started Initial cloud-init job (pre-networking).
[[0;32m  OK  [0m] Reached target Network (Pre).
         Starting Network Service...
[[0;32m  OK  [0m] Started Network Service.
         Starting Network Name Resolution...
         Starting Wait for Network to be Configured...
[[0;32m  OK  [0m] Started Network Name Resolution.
[[0;32m  OK  [0m] Reached target Host and Network Name Lookups.
[[0;32m  OK  [0m] Reached target Network.
[[0;32m  OK  [0m] Started Wait for Network to be Configured.
         Starting Initial cloud-init job (metadata service crawler)...
[  105.795670] cloud-init[631]: Cloud-init v. 20.3-2-g371b392c-0ubuntu1~18.04.1 running 'init' at Sun, 15 Nov 2020 09:21:41 +0000. Up 105.58 seconds.
[  105.808769] cloud-init[631]: ci-info: ++++++++++++++++++++++++++++++++++++++Net device info+++++++++++++++++++++++++++++++++++++++
[  105.822831] cloud-init[631]: ci-info: +--------+-------+----------------------------+---------------+--------+-------------------+
[  105.835154] cloud-init[631]: ci-info: | Device |   Up  |          Address           |      Mask     | Scope  |     Hw-Address    |
[  105.843165] cloud-init[631]: ci-info: +--------+-------+----------------------------+---------------+--------+-------------------+
[  105.850017] cloud-init[631]: ci-info: | enp0s3 |  True |         10.0.2.15          | 255.255.255.0 | global | 02:ad:b8:da:8b:56 |
[  105.857965] cloud-init[631]: ci-info: | enp0s3 |  True | fe80::ad:b8ff:feda:8b56/64 |       .       |  link  | 02:ad:b8:da:8b:56 |
[  105.868941] cloud-init[631]: ci-info: | enp0s8 | False |             .              |       .       |   .    | 08:00:27:37:cf:d3 |
[  105.878966] cloud-init[631]: ci-info: |   lo   |  True |         127.0.0.1          |   255.0.0.0   |  host  |         .         |
[  105.889277] cloud-init[631]: ci-info: |   lo   |  True |          ::1/128           |       .       |  host  |         .         |
[  105.902064] cloud-init[631]: ci-info: +--------+-------+----------------------------+---------------+--------+-------------------+
[  105.913625] cloud-init[631]: ci-info: ++++++++++++++++++++++++++++Route IPv4 info+++++++++++++++++++++++++++++
[  105.923635] cloud-init[631]: ci-info: +-------+-------------+----------+-----------------+-----------+-------+
[  105.933763] cloud-init[631]: ci-info: | Route | Destination | Gateway  |     Genmask     | Interface | Flags |
[  105.944639] cloud-init[631]: ci-info: +-------+-------------+----------+-----------------+-----------+-------+
[  105.954689] cloud-init[631]: ci-info: |   0   |   0.0.0.0   | 10.0.2.2 |     0.0.0.0     |   enp0s3  |   UG  |
[  105.964955] cloud-init[631]: ci-info: |   1   |   10.0.2.0  | 0.0.0.0  |  255.255.255.0  |   enp0s3  |   U   |
[  105.975063] cloud-init[631]: ci-info: |   2   |   10.0.2.2  | 0.0.0.0  | 255.255.255.255 |   enp0s3  |   UH  |
[  105.984416] cloud-init[631]: ci-info: +-------+-------------+----------+-----------------+-----------+-------+
[  105.994965] cloud-init[631]: ci-info: +++++++++++++++++++Route IPv6 info+++++++++++++++++++
[  106.004077] cloud-init[631]: ci-info: +-------+-------------+---------+-----------+-------+
[  106.013327] cloud-init[631]: ci-info: | Route | Destination | Gateway | Interface | Flags |
[  106.022119] cloud-init[631]: ci-info: +-------+-------------+---------+-----------+-------+
[  106.031203] cloud-init[631]: ci-info: |   1   |  fe80::/64  |    ::   |   enp0s3  |   U   |
[  106.046918] cloud-init[631]: ci-info: |   3   |    local    |    ::   |   enp0s3  |   U   |
[  106.058818] cloud-init[631]: ci-info: |   4   |   ff00::/8  |    ::   |   enp0s3  |   U   |
[  106.073177] cloud-init[631]: ci-info: +-------+-------------+---------+-----------+-------+
[  106.859753] cloud-init[631]: Generating public/private rsa key pair.
[  106.868243] cloud-init[631]: Your identification has been saved in /etc/ssh/ssh_host_rsa_key.
[  106.877873] cloud-init[631]: Your public key has been saved in /etc/ssh/ssh_host_rsa_key.pub.
[  106.886898] cloud-init[631]: The key fingerprint is:
[  106.894018] cloud-init[631]: SHA256:j4nRP096SK3l5HA/1GN47u+Giv5IK4gNd7hKfZr8VW0 root@ubuntu-bionic
[  106.903154] cloud-init[631]: The key's randomart image is:
[  106.909444] cloud-init[631]: +---[RSA 2048]----+
[  106.915496] cloud-init[631]: |                 |
[  106.922435] cloud-init[631]: |                 |
[  106.929481] cloud-init[631]: |                 |
[[0;32m  OK  [0m] Started Initial cloud-init job (metadata service crawler).
[[0;32m  OK  [0m] Reached target System Initialization.
[[0;32m  OK  [0m] Started ACPI Events Check.
[[0;32m  OK  [0m] Reached target Paths.
[  106.949856] cloud-init         Starting LXD - unix socket.
[[0;32m  OK  [0m] Listening on UUID daemon activation socket.
[[0;32m  OK  [0m] Started Daily Cleanup of Temporary Directories.
[[0;32m  OK  [0m] Listening on ACPID Listen Socket.
[[0;32m  OK  [0m] Listening on D-Bus System Message Bus Socket.
[[0;32m  OK  [0m] Listening on Open-iSCSI iscsid Socket.
         Starting Socket activation for snappy daemon.
[[0;32m  OK  [0m] Started Message of the Day.
[[0;32m  OK  [0m] Started Daily apt download activities.
[[0;32m  OK  [0m] Started Daily apt upgrade and clean activities.
[[0;32m  OK  [0m] Started Discard unused blocks once a week.
[[0;32m  OK  [0m] Reached target Timers.
[[0;32m  OK  [0m] Reached target Cloud-config availability.
[[0;32m  OK  [0m] Reached target Network is Online.
[[0;32m  OK  [0m] Reached target Remote File Systems (Pre).
[[0;32m  OK  [0m] Reached target Remote File Systems.
         Starting Availability of block devices...
[[0;32m  OK  [0m] Listening on LXD - unix socket.
[[0;32m  OK  [0m] Listening on Socket activation for snappy daemon.
[[0;32m  OK  [0m] Reached target Sockets.
[[0;32m  OK  [0m] Reached target Basic System.
[[0;32m  OK  [0m] Started Deferred execution scheduler.
         Starting Accounts Service...
         Starting Dispatcher daemon for systemd-networkd...
[[0;32m  OK  [0m] Started Regular background program processing daemon.
         Starting Pollinate to seed the pseudo random number generator...
[[0;32m  OK  [0m] Started irqbalance daemon.
[631]: [[0;32m  OK  [0m] Started FUSE filesystem for LXC.
|       .     .   |
[  107.043769]          Starting Login Service...
         Starting System Logging Service...
         Starting LSB: automatic crash report generation...
cloud-init         Starting Virtualbox guest utils...
         Starting Permit User Sessions...
[631]: |      ..S  .. E. |
[  107.090900] cloud-init[631]: |    ..oo.=o.=o.+.|
[  107.093839] cloud-init[631]: |    .=o++.*X.o+..|
[  107.096316] cloud-init[631]: |   ...++.ooO+ +..|
[  107.100146] cloud-init[631]: |    ..+..o*o+..=+|
[  107.104657] cloud-init[631]: +----[SHA256]-----+
[  107.109619] cloud-init[631]: Generating public/private dsa key pair.
[  107.115163] cloud-init[631]: Your identification has been saved in /etc/ssh/ssh_host_dsa_key.
[  107.123598] cloud-init[631]: Your public key has been saved in /etc/ssh/ssh_host_dsa_key.pub.
[  107.128529] cloud-init[631]: The key fingerprint is:
[  107.131589] cloud-init[631]: SHA256:d3xRsf6BMu1BnhOORNNirE1teo9/fChQT5MRPvEs2qo root@ubuntu-bionic
[  107.137309] cloud-init[631]: The key's randomart image is:
[  107.140488] cloud-init[631]: +---[DSA 1024]----+
[  107.142990] cloud-init[631]: |          .oo ooo|
[  107.146287] cloud-init[631]: |          .=.=.=.|
[  107.149149] cloud-init[631]: |          =.+o=+o|
[  107.151884] cloud-init[631]: |         ..+B+O+ |
[  107.154778] cloud-init[631]: |        S .==@=+ |
[  107.157419] cloud-init[631]: |         ...+++.o|
[  107.159918] cloud-init[631]: |           ....o.|
[  107.162677] cloud-init[631]: |           .. ..+|
[  107.164956] cloud-init[631]: |          E  .  o|
[  107.168075] cloud-init[631]: +----[SHA256]-----+
         Starting Snap Daemon...
         Starting LSB: Record successful boot for GRUB...
[[0;32m  OK  [0m] Started D-Bus System Message Bus.
[  107.171596] cloud-init[631]: Generating public/private ecdsa key pair.
[  107.195293] cloud-init[631]: Your identification has been saved in /etc/ssh/ssh_host_ecdsa_key.
[  107.203916] cloud-init[631]: Your public key has been saved in /etc/ssh/ssh_host_ecdsa_key.pub.
[  107.209939] cloud-init[631]: The key fingerprint is:
[  107.214270] cloud-init[631]: SHA256:6xdkwu1JQj3UTowa/MJZAj0RP7T5YKOhuif/cV2JG6g root@ubuntu-bionic
[  107.220665] cloud-init[631]: The key's randomart image is:
[  107.230734] cloud-init[631]: +---[ECDSA 256]---+
[  107.233724] cloud-init[631]: |      .+o=o+     |
[  107.236551] cloud-init[631]: |        Bo=o+    |
[  107.239650] cloud-init[631]: |       +.XO+     |
[  107.255369] cloud-init[631]: |       .O+**.. . |
[  107.259323] cloud-init[631]: |      . SO..+ o  |
[  107.265569] cloud-init[631]: |     .   o+. +   |
[  107.268799] cloud-init[631]: |    .   E ..o    |
[  107.272085] cloud-init[631]: |    .... o.      |
[  107.278007] cloud-init[631]: |    .+..o.       |
[  107.281453] cloud-init[631]: +----[SHA256]-----+
[  107.284786] cloud-init[631]: Generating public/private ed25519 key pair.
[  107.289032] cloud-init[631]: Your identification has been saved in /etc/ssh/ssh_host_ed25519_key.
[  107.293825] cloud-init[631]: Your public key has been saved in /etc/ssh/ssh_host_ed25519_key.pub.
[  107.299429] cloud-init[631]: The key fingerprint is:
[  107.303186] cloud-init[631]: SHA256:CzwzWVgIXuO5e4k1T9pE2Rhk4qrdFCNhpbI9gy3Ui04 root@ubuntu-bionic
[  107.308776] cloud-init[631]: The key's randomart image is:
[  107.312319] cloud-init[631]: +--[ED25519 256]--+
[  107.315526] cloud-init[631]: |    ..=o+.+      |
[  107.318482] cloud-init[631]: |   . =.O o =     |
[  107.320732] cloud-init[631]: |    + B = + .    |
[  107.323508] cloud-init[631]: |   . O B +       |
[  107.327086] cloud-init[631]: |    E / S o      |
[  107.330535] cloud-init[631]: |   o + & X       |
[  107.333287] cloud-init[631]: |    o + * o      |
[  107.335672] cloud-init[631]: |       .         |
[  107.340895] cloud-init[631]: |                 |
[  107.344871] cloud-init[631]: +----[SHA256]-----+
         Starting LXD - container startup/shutdown...
[[0;32m  OK  [0m] Started System Logging Service.
[[0;32m  OK  [0m] Started Availability of block devices.
[[0;32m  OK  [0m] Started Permit User Sessions.
[[0;32m  OK  [0m] Started Login Service.
[[0;32m  OK  [0m] Started Unattended Upgrades Shutdown.
         Starting Terminate Plymouth Boot Screen...
         Starting Hold until boot process finishes up...
[[0;32m  OK  [0m] Started Hold until boot process finishes up.
[[0;32m  OK  [0m] Started Terminate Plymouth Boot Screen.
[[0;32m  OK  [0m] Started Serial Getty on ttyS0.
         Starting Set console scheme...
         Starting Authorization Manager...
[[0;32m  OK  [0m] Started Set console scheme.
[[0;32m  OK  [0m] Created slice system-getty.slice.
[[0;32m  OK  [0m] Started Getty on tty1.
[[0;32m  OK  [0m] Reached target Login Prompts.
[[0;32m  OK  [0m] Started LSB: automatic crash report generation.
[[0;32m  OK  [0m] Started Authorization Manager.
[[0;32m  OK  [0m] Started Accounts Service.
[[0;32m  OK  [0m] Started LSB: Record successful boot for GRUB.
[[0;32m  OK  [0m] Started Virtualbox guest utils.
[[0;32m  OK  [0m] Started LXD - container startup/shutdown.
[[0;32m  OK  [0m] Started Dispatcher daemon for systemd-networkd.
[[0;32m  OK  [0m] Started Snap Daemon.
         Starting Wait until snapd is fully seeded...
[[0;32m  OK  [0m] Started Pollinate to seed the pseudo random number generator.
         Starting OpenBSD Secure Shell server...
[[0;32m  OK  [0m] Started OpenBSD Secure Shell server.
[[0;32m  OK  [0m] Created slice User Slice of vagrant.
         Starting User Manager for UID 1000...
[[0;32m  OK  [0m] Started Session 1 of user vagrant.
[[0;32m  OK  [0m] Started User Manager for UID 1000.

Ubuntu 18.04.5 LTS ubuntu-bionic ttyS0

ubuntu-bionic login: [  116.831999] cloud-init[1263]: Cloud-init v. 20.3-2-g371b392c-0ubuntu1~18.04.1 running 'modules:config' at Sun, 15 Nov 2020 09:21:51 +0000. Up 115.94 seconds.
ci-info: no authorized SSH keys fingerprints found for user ubuntu.
<14>Nov 15 09:21:54 ec2: 
<14>Nov 15 09:21:54 ec2: #############################################################
<14>Nov 15 09:21:54 ec2: -----BEGIN SSH HOST KEY FINGERPRINTS-----
<14>Nov 15 09:21:54 ec2: 1024 SHA256:d3xRsf6BMu1BnhOORNNirE1teo9/fChQT5MRPvEs2qo root@ubuntu-bionic (DSA)
<14>Nov 15 09:21:54 ec2: 256 SHA256:6xdkwu1JQj3UTowa/MJZAj0RP7T5YKOhuif/cV2JG6g root@ubuntu-bionic (ECDSA)
<14>Nov 15 09:21:54 ec2: 256 SHA256:CzwzWVgIXuO5e4k1T9pE2Rhk4qrdFCNhpbI9gy3Ui04 root@ubuntu-bionic (ED25519)
<14>Nov 15 09:21:54 ec2: 2048 SHA256:j4nRP096SK3l5HA/1GN47u+Giv5IK4gNd7hKfZr8VW0 root@ubuntu-bionic (RSA)
<14>Nov 15 09:21:54 ec2: -----END SSH HOST KEY FINGERPRINTS-----
<14>Nov 15 09:21:54 ec2: #############################################################
-----BEGIN SSH HOST KEY KEYS-----
ecdsa-sha2-nistp256 AAAAE2VjZHNhLXNoYTItbmlzdHAyNTYAAAAIbmlzdHAyNTYAAABBBHr1pwgSR392cJU+EPCOqS6bAwAzm8bNllRz4W0v+kHNz/F2dRlkTPnOnFqx8zYXa3+O8E/9JLqCfu0rsNT9AH4= root@ubuntu-bionic
ssh-ed25519 AAAAC3NzaC1lZDI1NTE5AAAAIGK+LoqncG2H2jVMZVDZfM4APfdM1SLLE3/wMj47mHZt root@ubuntu-bionic
ssh-rsa AAAAB3NzaC1yc2EAAAADAQABAAABAQDk3+PvpsozSPO9+lVKM3A3+dv1XXts/UyjGLM7tNhiX5mhMxl+zZo93ty6laNokAyS/4kGQ1aQ4yogtTGDInrYz1Mrlct9bQ+HdvjrE/XwgPo0Fw3efgkyRGG6w8wqFdz/aZ11zpg44iFzjz7JRnmPVJTyU1l6pw+UF0Sz0QZiDHc7t9CAJCG4nXKQJ5icAPQo/MG068tNuKwmgyG8BbjSy4hgtZ7uW2S/F4BzgOpS2DXgUbHi+UtHaRvkrwGbMnxzOcE3cChFwoN2BvoR9taJ1kTvTNlg171SO3ykKAkcY8Ujjr6MGkFHfWfVefYXgBbbeN7bzPK+P+GsQ6GYOsWH root@ubuntu-bionic
-----END SSH HOST KEY KEYS-----
[  118.334995] cloud-init[1411]: Cloud-init v. 20.3-2-g371b392c-0ubuntu1~18.04.1 running 'modules:final' at Sun, 15 Nov 2020 09:21:53 +0000. Up 117.85 seconds.
[  118.337643] cloud-init[1411]: ci-info: no authorized SSH keys fingerprints found for user ubuntu.
[  118.337816] cloud-init[1411]: Cloud-init v. 20.3-2-g371b392c-0ubuntu1~18.04.1 finished at Sun, 15 Nov 2020 09:21:54 +0000. Datasource DataSourceNoCloud [seed=/dev/sdb][dsmode=net].  Up 118.30 seconds
